E:\CREAVERS\SIMS\User Interface\app\app.component.js
E:\CREAVERS\SIMS\User Interface\app\app.component.js.map
E:\CREAVERS\SIMS\User Interface\app\admission\component\admissionStudentInformation.component.js
E:\CREAVERS\SIMS\User Interface\app\admission\component\admissionStudentInformation.component.js.map
E:\CREAVERS\SIMS\User Interface\app\admission\component\admissionStudentAdmission.component.js
E:\CREAVERS\SIMS\User Interface\app\admission\component\admissionStudentAdmission.component.js.map
E:\CREAVERS\SIMS\User Interface\app\admission\component\admissionTeacherInformation.component.js
E:\CREAVERS\SIMS\User Interface\app\admission\component\admissionTeacherInformation.component.js.map
E:\CREAVERS\SIMS\User Interface\app\attendance\component\attendanceStudentAttendance.component.js
E:\CREAVERS\SIMS\User Interface\app\attendance\component\attendanceStudentAttendance.component.js.map
E:\CREAVERS\SIMS\User Interface\app\attendance\component\attendanceStudentDiscipline.component.js
E:\CREAVERS\SIMS\User Interface\app\attendance\component\attendanceStudentDiscipline.component.js.map
E:\CREAVERS\SIMS\User Interface\app\attendance\component\attendanceTeacherAttendance.component.js
E:\CREAVERS\SIMS\User Interface\app\attendance\component\attendanceTeacherAttendance.component.js.map
E:\CREAVERS\SIMS\User Interface\app\grading\component\gradingSubmitGrade.component.js
E:\CREAVERS\SIMS\User Interface\app\grading\component\gradingSubmitGrade.component.js.map
E:\CREAVERS\SIMS\User Interface\app\grading\component\gradingStudentTranscript.component.js
E:\CREAVERS\SIMS\User Interface\app\grading\component\gradingStudentTranscript.component.js.map
E:\CREAVERS\SIMS\User Interface\app\grading\component\gradingStudentGradeReport.component.js
E:\CREAVERS\SIMS\User Interface\app\grading\component\gradingStudentGradeReport.component.js.map
E:\CREAVERS\SIMS\User Interface\app\learningSchedule\component\learningScheduleClassInformation.component.js
E:\CREAVERS\SIMS\User Interface\app\learningSchedule\component\learningScheduleClassInformation.component.js.map
E:\CREAVERS\SIMS\User Interface\app\learningSchedule\component\learningScheduleAssignTeacher.component.js
E:\CREAVERS\SIMS\User Interface\app\learningSchedule\component\learningScheduleAssignTeacher.component.js.map
E:\CREAVERS\SIMS\User Interface\app\evaluationPayment\component\evaluationPaymentTeacherEvaluation.component.js
E:\CREAVERS\SIMS\User Interface\app\evaluationPayment\component\evaluationPaymentTeacherEvaluation.component.js.map
E:\CREAVERS\SIMS\User Interface\app\evaluationPayment\component\evaluationPaymentStudentPayment.component.js
E:\CREAVERS\SIMS\User Interface\app\evaluationPayment\component\evaluationPaymentStudentPayment.component.js.map
E:\CREAVERS\SIMS\User Interface\app\shared\pageNotFound.component.js
E:\CREAVERS\SIMS\User Interface\app\shared\pageNotFound.component.js.map
E:\CREAVERS\SIMS\User Interface\app\app-routing.module.js
E:\CREAVERS\SIMS\User Interface\app\app-routing.module.js.map
E:\CREAVERS\SIMS\User Interface\app\app.module.js
E:\CREAVERS\SIMS\User Interface\app\app.module.js.map
E:\CREAVERS\SIMS\User Interface\app\main.js
E:\CREAVERS\SIMS\User Interface\app\main.js.map
E:\CREAVERS\SIMS\User Interface\app\shared\interfaces\lookup.interface.js
E:\CREAVERS\SIMS\User Interface\app\shared\interfaces\lookup.interface.js.map
E:\CREAVERS\SIMS\User Interface\app\shared\services\lookup.service.js
E:\CREAVERS\SIMS\User Interface\app\shared\services\lookup.service.js.map
E:\CREAVERS\SIMS\User Interface\app\shared\interfaces\department.interface.js
E:\CREAVERS\SIMS\User Interface\app\shared\interfaces\department.interface.js.map
E:\CREAVERS\SIMS\User Interface\app\shared\interfaces\jobPosition.interface.js
E:\CREAVERS\SIMS\User Interface\app\shared\interfaces\jobPosition.interface.js.map
E:\CREAVERS\SIMS\User Interface\app\shared\interfaces\positionGrade.interface.js
E:\CREAVERS\SIMS\User Interface\app\shared\interfaces\positionGrade.interface.js.map
E:\CREAVERS\SIMS\User Interface\app\app.component.js
E:\CREAVERS\SIMS\User Interface\app\app.component.js.map
E:\CREAVERS\SIMS\User Interface\app\admission\component\admissionStudentInformation.component.js
E:\CREAVERS\SIMS\User Interface\app\admission\component\admissionStudentInformation.component.js.map
E:\CREAVERS\SIMS\User Interface\app\admission\component\admissionStudentAdmission.component.js
E:\CREAVERS\SIMS\User Interface\app\admission\component\admissionStudentAdmission.component.js.map
E:\CREAVERS\SIMS\User Interface\app\admission\component\admissionTeacherInformation.component.js
E:\CREAVERS\SIMS\User Interface\app\admission\component\admissionTeacherInformation.component.js.map
E:\CREAVERS\SIMS\User Interface\app\attendance\component\attendanceStudentAttendance.component.js
E:\CREAVERS\SIMS\User Interface\app\attendance\component\attendanceStudentAttendance.component.js.map
E:\CREAVERS\SIMS\User Interface\app\attendance\component\attendanceStudentDiscipline.component.js
E:\CREAVERS\SIMS\User Interface\app\attendance\component\attendanceStudentDiscipline.component.js.map
E:\CREAVERS\SIMS\User Interface\app\attendance\component\attendanceTeacherAttendance.component.js
E:\CREAVERS\SIMS\User Interface\app\attendance\component\attendanceTeacherAttendance.component.js.map
E:\CREAVERS\SIMS\User Interface\app\grading\component\gradingSubmitGrade.component.js
E:\CREAVERS\SIMS\User Interface\app\grading\component\gradingSubmitGrade.component.js.map
E:\CREAVERS\SIMS\User Interface\app\grading\component\gradingStudentTranscript.component.js
E:\CREAVERS\SIMS\User Interface\app\grading\component\gradingStudentTranscript.component.js.map
E:\CREAVERS\SIMS\User Interface\app\grading\component\gradingStudentGradeReport.component.js
E:\CREAVERS\SIMS\User Interface\app\grading\component\gradingStudentGradeReport.component.js.map
E:\CREAVERS\SIMS\User Interface\app\learningSchedule\component\learningScheduleClassInformation.component.js
E:\CREAVERS\SIMS\User Interface\app\learningSchedule\component\learningScheduleClassInformation.component.js.map
E:\CREAVERS\SIMS\User Interface\app\learningSchedule\component\learningScheduleAssignTeacher.component.js
E:\CREAVERS\SIMS\User Interface\app\learningSchedule\component\learningScheduleAssignTeacher.component.js.map
E:\CREAVERS\SIMS\User Interface\app\evaluationPayment\component\evaluationPaymentTeacherEvaluation.component.js
E:\CREAVERS\SIMS\User Interface\app\evaluationPayment\component\evaluationPaymentTeacherEvaluation.component.js.map
E:\CREAVERS\SIMS\User Interface\app\evaluationPayment\component\evaluationPaymentStudentPayment.component.js
E:\CREAVERS\SIMS\User Interface\app\evaluationPayment\component\evaluationPaymentStudentPayment.component.js.map
E:\CREAVERS\SIMS\User Interface\app\shared\pageNotFound.component.js
E:\CREAVERS\SIMS\User Interface\app\shared\pageNotFound.component.js.map
E:\CREAVERS\SIMS\User Interface\app\app-routing.module.js
E:\CREAVERS\SIMS\User Interface\app\app-routing.module.js.map
E:\CREAVERS\SIMS\User Interface\app\app.module.js
E:\CREAVERS\SIMS\User Interface\app\app.module.js.map
E:\CREAVERS\SIMS\User Interface\app\main.js
E:\CREAVERS\SIMS\User Interface\app\main.js.map
E:\CREAVERS\SIMS\User Interface\app\shared\interfaces\lookup.interface.js
E:\CREAVERS\SIMS\User Interface\app\shared\interfaces\lookup.interface.js.map
E:\CREAVERS\SIMS\User Interface\app\shared\services\lookup.service.js
E:\CREAVERS\SIMS\User Interface\app\shared\services\lookup.service.js.map
E:\CREAVERS\SIMS\User Interface\app\shared\interfaces\department.interface.js
E:\CREAVERS\SIMS\User Interface\app\shared\interfaces\department.interface.js.map
E:\CREAVERS\SIMS\User Interface\app\shared\interfaces\jobPosition.interface.js
E:\CREAVERS\SIMS\User Interface\app\shared\interfaces\jobPosition.interface.js.map
E:\CREAVERS\SIMS\User Interface\app\shared\interfaces\positionGrade.interface.js
E:\CREAVERS\SIMS\User Interface\app\shared\interfaces\positionGrade.interface.js.map
E:\CREAVERS\SIMS\User Interface\app\app.component.js
E:\CREAVERS\SIMS\User Interface\app\app.component.js.map
E:\CREAVERS\SIMS\User Interface\app\admission\component\admissionStudentInformation.component.js
E:\CREAVERS\SIMS\User Interface\app\admission\component\admissionStudentInformation.component.js.map
E:\CREAVERS\SIMS\User Interface\app\admission\component\admissionStudentAdmission.component.js
E:\CREAVERS\SIMS\User Interface\app\admission\component\admissionStudentAdmission.component.js.map
E:\CREAVERS\SIMS\User Interface\app\admission\component\admissionTeacherInformation.component.js
E:\CREAVERS\SIMS\User Interface\app\admission\component\admissionTeacherInformation.component.js.map
E:\CREAVERS\SIMS\User Interface\app\attendance\component\attendanceStudentAttendance.component.js
E:\CREAVERS\SIMS\User Interface\app\attendance\component\attendanceStudentAttendance.component.js.map
E:\CREAVERS\SIMS\User Interface\app\attendance\component\attendanceStudentDiscipline.component.js
E:\CREAVERS\SIMS\User Interface\app\attendance\component\attendanceStudentDiscipline.component.js.map
E:\CREAVERS\SIMS\User Interface\app\attendance\component\attendanceTeacherAttendance.component.js
E:\CREAVERS\SIMS\User Interface\app\attendance\component\attendanceTeacherAttendance.component.js.map
E:\CREAVERS\SIMS\User Interface\app\grading\component\gradingSubmitGrade.component.js
E:\CREAVERS\SIMS\User Interface\app\grading\component\gradingSubmitGrade.component.js.map
E:\CREAVERS\SIMS\User Interface\app\grading\component\gradingStudentTranscript.component.js
E:\CREAVERS\SIMS\User Interface\app\grading\component\gradingStudentTranscript.component.js.map
E:\CREAVERS\SIMS\User Interface\app\grading\component\gradingStudentGradeReport.component.js
E:\CREAVERS\SIMS\User Interface\app\grading\component\gradingStudentGradeReport.component.js.map
E:\CREAVERS\SIMS\User Interface\app\learningSchedule\component\learningScheduleClassInformation.component.js
E:\CREAVERS\SIMS\User Interface\app\learningSchedule\component\learningScheduleClassInformation.component.js.map
E:\CREAVERS\SIMS\User Interface\app\learningSchedule\component\learningScheduleAssignTeacher.component.js
E:\CREAVERS\SIMS\User Interface\app\learningSchedule\component\learningScheduleAssignTeacher.component.js.map
E:\CREAVERS\SIMS\User Interface\app\evaluationPayment\component\evaluationPaymentTeacherEvaluation.component.js
E:\CREAVERS\SIMS\User Interface\app\evaluationPayment\component\evaluationPaymentTeacherEvaluation.component.js.map
E:\CREAVERS\SIMS\User Interface\app\evaluationPayment\component\evaluationPaymentStudentPayment.component.js
E:\CREAVERS\SIMS\User Interface\app\evaluationPayment\component\evaluationPaymentStudentPayment.component.js.map
E:\CREAVERS\SIMS\User Interface\app\shared\pageNotFound.component.js
E:\CREAVERS\SIMS\User Interface\app\shared\pageNotFound.component.js.map
E:\CREAVERS\SIMS\User Interface\app\app-routing.module.js
E:\CREAVERS\SIMS\User Interface\app\app-routing.module.js.map
E:\CREAVERS\SIMS\User Interface\app\app.module.js
E:\CREAVERS\SIMS\User Interface\app\app.module.js.map
E:\CREAVERS\SIMS\User Interface\app\main.js
E:\CREAVERS\SIMS\User Interface\app\main.js.map
E:\CREAVERS\SIMS\User Interface\app\shared\interfaces\lookup.interface.js
E:\CREAVERS\SIMS\User Interface\app\shared\interfaces\lookup.interface.js.map
E:\CREAVERS\SIMS\User Interface\app\shared\services\lookup.service.js
E:\CREAVERS\SIMS\User Interface\app\shared\services\lookup.service.js.map
E:\CREAVERS\SIMS\User Interface\app\shared\interfaces\department.interface.js
E:\CREAVERS\SIMS\User Interface\app\shared\interfaces\department.interface.js.map
E:\CREAVERS\SIMS\User Interface\app\shared\interfaces\jobPosition.interface.js
E:\CREAVERS\SIMS\User Interface\app\shared\interfaces\jobPosition.interface.js.map
E:\CREAVERS\SIMS\User Interface\app\shared\interfaces\positionGrade.interface.js
E:\CREAVERS\SIMS\User Interface\app\shared\interfaces\positionGrade.interface.js.map
E:\CREAVERS\SIMS\User Interface\app\app.component.js
E:\CREAVERS\SIMS\User Interface\app\app.component.js.map
E:\CREAVERS\SIMS\User Interface\app\admission\component\admissionStudentInformation.component.js
E:\CREAVERS\SIMS\User Interface\app\admission\component\admissionStudentInformation.component.js.map
E:\CREAVERS\SIMS\User Interface\app\admission\component\admissionStudentAdmission.component.js
E:\CREAVERS\SIMS\User Interface\app\admission\component\admissionStudentAdmission.component.js.map
E:\CREAVERS\SIMS\User Interface\app\admission\component\admissionTeacherInformation.component.js
E:\CREAVERS\SIMS\User Interface\app\admission\component\admissionTeacherInformation.component.js.map
E:\CREAVERS\SIMS\User Interface\app\attendance\component\attendanceStudentAttendance.component.js
E:\CREAVERS\SIMS\User Interface\app\attendance\component\attendanceStudentAttendance.component.js.map
E:\CREAVERS\SIMS\User Interface\app\attendance\component\attendanceStudentDiscipline.component.js
E:\CREAVERS\SIMS\User Interface\app\attendance\component\attendanceStudentDiscipline.component.js.map
E:\CREAVERS\SIMS\User Interface\app\attendance\component\attendanceTeacherAttendance.component.js
E:\CREAVERS\SIMS\User Interface\app\attendance\component\attendanceTeacherAttendance.component.js.map
E:\CREAVERS\SIMS\User Interface\app\grading\component\gradingSubmitGrade.component.js
E:\CREAVERS\SIMS\User Interface\app\grading\component\gradingSubmitGrade.component.js.map
E:\CREAVERS\SIMS\User Interface\app\grading\component\gradingStudentTranscript.component.js
E:\CREAVERS\SIMS\User Interface\app\grading\component\gradingStudentTranscript.component.js.map
E:\CREAVERS\SIMS\User Interface\app\grading\component\gradingStudentGradeReport.component.js
E:\CREAVERS\SIMS\User Interface\app\grading\component\gradingStudentGradeReport.component.js.map
E:\CREAVERS\SIMS\User Interface\app\learningSchedule\component\learningScheduleClassInformation.component.js
E:\CREAVERS\SIMS\User Interface\app\learningSchedule\component\learningScheduleClassInformation.component.js.map
E:\CREAVERS\SIMS\User Interface\app\learningSchedule\component\learningScheduleAssignTeacher.component.js
E:\CREAVERS\SIMS\User Interface\app\learningSchedule\component\learningScheduleAssignTeacher.component.js.map
E:\CREAVERS\SIMS\User Interface\app\evaluationPayment\component\evaluationPaymentTeacherEvaluation.component.js
E:\CREAVERS\SIMS\User Interface\app\evaluationPayment\component\evaluationPaymentTeacherEvaluation.component.js.map
E:\CREAVERS\SIMS\User Interface\app\evaluationPayment\component\evaluationPaymentStudentPayment.component.js
E:\CREAVERS\SIMS\User Interface\app\evaluationPayment\component\evaluationPaymentStudentPayment.component.js.map
E:\CREAVERS\SIMS\User Interface\app\shared\pageNotFound.component.js
E:\CREAVERS\SIMS\User Interface\app\shared\pageNotFound.component.js.map
E:\CREAVERS\SIMS\User Interface\app\app-routing.module.js
E:\CREAVERS\SIMS\User Interface\app\app-routing.module.js.map
E:\CREAVERS\SIMS\User Interface\app\app.module.js
E:\CREAVERS\SIMS\User Interface\app\app.module.js.map
E:\CREAVERS\SIMS\User Interface\app\main.js
E:\CREAVERS\SIMS\User Interface\app\main.js.map
E:\CREAVERS\SIMS\User Interface\app\shared\interfaces\lookup.interface.js
E:\CREAVERS\SIMS\User Interface\app\shared\interfaces\lookup.interface.js.map
E:\CREAVERS\SIMS\User Interface\app\shared\services\lookup.service.js
E:\CREAVERS\SIMS\User Interface\app\shared\services\lookup.service.js.map
E:\CREAVERS\SIMS\User Interface\app\shared\interfaces\department.interface.js
E:\CREAVERS\SIMS\User Interface\app\shared\interfaces\department.interface.js.map
E:\CREAVERS\SIMS\User Interface\app\shared\interfaces\jobPosition.interface.js
E:\CREAVERS\SIMS\User Interface\app\shared\interfaces\jobPosition.interface.js.map
E:\CREAVERS\SIMS\User Interface\app\shared\interfaces\positionGrade.interface.js
E:\CREAVERS\SIMS\User Interface\app\shared\interfaces\positionGrade.interface.js.map
E:\CREAVERS\SIMS\User Interface\app\app.component.js
E:\CREAVERS\SIMS\User Interface\app\app.component.js.map
E:\CREAVERS\SIMS\User Interface\app\admission\component\admissionStudentInformation.component.js
E:\CREAVERS\SIMS\User Interface\app\admission\component\admissionStudentInformation.component.js.map
E:\CREAVERS\SIMS\User Interface\app\admission\component\admissionStudentAdmission.component.js
E:\CREAVERS\SIMS\User Interface\app\admission\component\admissionStudentAdmission.component.js.map
E:\CREAVERS\SIMS\User Interface\app\admission\component\admissionTeacherInformation.component.js
E:\CREAVERS\SIMS\User Interface\app\admission\component\admissionTeacherInformation.component.js.map
E:\CREAVERS\SIMS\User Interface\app\attendance\component\attendanceStudentAttendance.component.js
E:\CREAVERS\SIMS\User Interface\app\attendance\component\attendanceStudentAttendance.component.js.map
E:\CREAVERS\SIMS\User Interface\app\attendance\component\attendanceStudentDiscipline.component.js
E:\CREAVERS\SIMS\User Interface\app\attendance\component\attendanceStudentDiscipline.component.js.map
E:\CREAVERS\SIMS\User Interface\app\attendance\component\attendanceTeacherAttendance.component.js
E:\CREAVERS\SIMS\User Interface\app\attendance\component\attendanceTeacherAttendance.component.js.map
E:\CREAVERS\SIMS\User Interface\app\grading\component\gradingSubmitGrade.component.js
E:\CREAVERS\SIMS\User Interface\app\grading\component\gradingSubmitGrade.component.js.map
E:\CREAVERS\SIMS\User Interface\app\grading\component\gradingStudentTranscript.component.js
E:\CREAVERS\SIMS\User Interface\app\grading\component\gradingStudentTranscript.component.js.map
E:\CREAVERS\SIMS\User Interface\app\grading\component\gradingStudentGradeReport.component.js
E:\CREAVERS\SIMS\User Interface\app\grading\component\gradingStudentGradeReport.component.js.map
E:\CREAVERS\SIMS\User Interface\app\learningSchedule\component\learningScheduleClassInformation.component.js
E:\CREAVERS\SIMS\User Interface\app\learningSchedule\component\learningScheduleClassInformation.component.js.map
E:\CREAVERS\SIMS\User Interface\app\learningSchedule\component\learningScheduleAssignTeacher.component.js
E:\CREAVERS\SIMS\User Interface\app\learningSchedule\component\learningScheduleAssignTeacher.component.js.map
E:\CREAVERS\SIMS\User Interface\app\evaluationPayment\component\evaluationPaymentTeacherEvaluation.component.js
E:\CREAVERS\SIMS\User Interface\app\evaluationPayment\component\evaluationPaymentTeacherEvaluation.component.js.map
E:\CREAVERS\SIMS\User Interface\app\evaluationPayment\component\evaluationPaymentStudentPayment.component.js
E:\CREAVERS\SIMS\User Interface\app\evaluationPayment\component\evaluationPaymentStudentPayment.component.js.map
E:\CREAVERS\SIMS\User Interface\app\shared\pageNotFound.component.js
E:\CREAVERS\SIMS\User Interface\app\shared\pageNotFound.component.js.map
E:\CREAVERS\SIMS\User Interface\app\app-routing.module.js
E:\CREAVERS\SIMS\User Interface\app\app-routing.module.js.map
E:\CREAVERS\SIMS\User Interface\app\app.module.js
E:\CREAVERS\SIMS\User Interface\app\app.module.js.map
E:\CREAVERS\SIMS\User Interface\app\main.js
E:\CREAVERS\SIMS\User Interface\app\main.js.map
E:\CREAVERS\SIMS\User Interface\app\shared\interfaces\lookup.interface.js
E:\CREAVERS\SIMS\User Interface\app\shared\interfaces\lookup.interface.js.map
E:\CREAVERS\SIMS\User Interface\app\shared\services\lookup.service.js
E:\CREAVERS\SIMS\User Interface\app\shared\services\lookup.service.js.map
E:\CREAVERS\SIMS\User Interface\app\shared\interfaces\department.interface.js
E:\CREAVERS\SIMS\User Interface\app\shared\interfaces\department.interface.js.map
E:\CREAVERS\SIMS\User Interface\app\shared\interfaces\jobPosition.interface.js
E:\CREAVERS\SIMS\User Interface\app\shared\interfaces\jobPosition.interface.js.map
E:\CREAVERS\SIMS\User Interface\app\shared\interfaces\positionGrade.interface.js
E:\CREAVERS\SIMS\User Interface\app\shared\interfaces\positionGrade.interface.js.map
F:\My Files\Projects\CREAVERS\SIMS\User Interface\app\app.component.js
F:\My Files\Projects\CREAVERS\SIMS\User Interface\app\app.component.js.map
F:\My Files\Projects\CREAVERS\SIMS\User Interface\app\admission\component\admissionStudentInformation.component.js
F:\My Files\Projects\CREAVERS\SIMS\User Interface\app\admission\component\admissionStudentInformation.component.js.map
F:\My Files\Projects\CREAVERS\SIMS\User Interface\app\admission\component\admissionStudentAdmission.component.js
F:\My Files\Projects\CREAVERS\SIMS\User Interface\app\admission\component\admissionStudentAdmission.component.js.map
F:\My Files\Projects\CREAVERS\SIMS\User Interface\app\admission\component\admissionTeacherInformation.component.js
F:\My Files\Projects\CREAVERS\SIMS\User Interface\app\admission\component\admissionTeacherInformation.component.js.map
F:\My Files\Projects\CREAVERS\SIMS\User Interface\app\attendance\component\attendanceStudentAttendance.component.js
F:\My Files\Projects\CREAVERS\SIMS\User Interface\app\attendance\component\attendanceStudentAttendance.component.js.map
F:\My Files\Projects\CREAVERS\SIMS\User Interface\app\attendance\component\attendanceStudentDiscipline.component.js
F:\My Files\Projects\CREAVERS\SIMS\User Interface\app\attendance\component\attendanceStudentDiscipline.component.js.map
F:\My Files\Projects\CREAVERS\SIMS\User Interface\app\attendance\component\attendanceTeacherAttendance.component.js
F:\My Files\Projects\CREAVERS\SIMS\User Interface\app\attendance\component\attendanceTeacherAttendance.component.js.map
F:\My Files\Projects\CREAVERS\SIMS\User Interface\app\grading\component\gradingSubmitGrade.component.js
F:\My Files\Projects\CREAVERS\SIMS\User Interface\app\grading\component\gradingSubmitGrade.component.js.map
F:\My Files\Projects\CREAVERS\SIMS\User Interface\app\grading\component\gradingStudentTranscript.component.js
F:\My Files\Projects\CREAVERS\SIMS\User Interface\app\grading\component\gradingStudentTranscript.component.js.map
F:\My Files\Projects\CREAVERS\SIMS\User Interface\app\grading\component\gradingStudentGradeReport.component.js
F:\My Files\Projects\CREAVERS\SIMS\User Interface\app\grading\component\gradingStudentGradeReport.component.js.map
F:\My Files\Projects\CREAVERS\SIMS\User Interface\app\learningSchedule\component\learningScheduleClassInformation.component.js
F:\My Files\Projects\CREAVERS\SIMS\User Interface\app\learningSchedule\component\learningScheduleClassInformation.component.js.map
F:\My Files\Projects\CREAVERS\SIMS\User Interface\app\learningSchedule\component\learningScheduleAssignTeacher.component.js
F:\My Files\Projects\CREAVERS\SIMS\User Interface\app\learningSchedule\component\learningScheduleAssignTeacher.component.js.map
F:\My Files\Projects\CREAVERS\SIMS\User Interface\app\evaluationPayment\component\evaluationPaymentTeacherEvaluation.component.js
F:\My Files\Projects\CREAVERS\SIMS\User Interface\app\evaluationPayment\component\evaluationPaymentTeacherEvaluation.component.js.map
F:\My Files\Projects\CREAVERS\SIMS\User Interface\app\evaluationPayment\component\evaluationPaymentStudentPayment.component.js
F:\My Files\Projects\CREAVERS\SIMS\User Interface\app\evaluationPayment\component\evaluationPaymentStudentPayment.component.js.map
F:\My Files\Projects\CREAVERS\SIMS\User Interface\app\shared\pageNotFound.component.js
F:\My Files\Projects\CREAVERS\SIMS\User Interface\app\shared\pageNotFound.component.js.map
F:\My Files\Projects\CREAVERS\SIMS\User Interface\app\app-routing.module.js
F:\My Files\Projects\CREAVERS\SIMS\User Interface\app\app-routing.module.js.map
F:\My Files\Projects\CREAVERS\SIMS\User Interface\app\app.module.js
F:\My Files\Projects\CREAVERS\SIMS\User Interface\app\app.module.js.map
F:\My Files\Projects\CREAVERS\SIMS\User Interface\app\main.js
F:\My Files\Projects\CREAVERS\SIMS\User Interface\app\main.js.map
F:\My Files\Projects\CREAVERS\SIMS\User Interface\app\shared\interfaces\lookup.interface.js
F:\My Files\Projects\CREAVERS\SIMS\User Interface\app\shared\interfaces\lookup.interface.js.map
F:\My Files\Projects\CREAVERS\SIMS\User Interface\app\shared\services\lookup.service.js
F:\My Files\Projects\CREAVERS\SIMS\User Interface\app\shared\services\lookup.service.js.map
F:\My Files\Projects\CREAVERS\SIMS\User Interface\app\shared\interfaces\department.interface.js
F:\My Files\Projects\CREAVERS\SIMS\User Interface\app\shared\interfaces\department.interface.js.map
F:\My Files\Projects\CREAVERS\SIMS\User Interface\app\shared\interfaces\jobPosition.interface.js
F:\My Files\Projects\CREAVERS\SIMS\User Interface\app\shared\interfaces\jobPosition.interface.js.map
F:\My Files\Projects\CREAVERS\SIMS\User Interface\app\shared\interfaces\positionGrade.interface.js
F:\My Files\Projects\CREAVERS\SIMS\User Interface\app\shared\interfaces\positionGrade.interface.js.map
